<?xml version="1.0" encoding="UTF-8"?>
<testng-results ignored="0" total="1" passed="1" failed="0" skipped="0">
  <reporter-output>
  </reporter-output>
  <suite started-at="2020-07-14T19:54:47Z" name="Default suite" finished-at="2020-07-14T19:54:55Z" duration-ms="8247">
    <groups>
    </groups>
    <test started-at="2020-07-14T19:54:47Z" name="Default test" finished-at="2020-07-14T19:54:55Z" duration-ms="8247">
      <class name="endtoend.learning.validatetitle">
        <test-method is-config="true" signature="initial()[pri:0, instance:endtoend.learning.validatetitle@19976a65]" started-at="2020-07-14T21:54:47Z" name="initial" finished-at="2020-07-14T21:54:55Z" duration-ms="8044" status="PASS">
          <reporter-output>
          </reporter-output>
        </test-method> <!-- initial -->
        <test-method signature="basepagenavigation()[pri:0, instance:endtoend.learning.validatetitle@19976a65]" started-at="2020-07-14T21:54:55Z" name="basepagenavigation" finished-at="2020-07-14T21:54:55Z" duration-ms="72" status="PASS">
          <reporter-output>
          </reporter-output>
        </test-method> <!-- basepagenavigation -->
        <test-method is-config="true" signature="teardown()[pri:0, instance:endtoend.learning.validatetitle@19976a65]" started-at="2020-07-14T21:54:55Z" name="teardown" finished-at="2020-07-14T21:54:55Z" duration-ms="101" status="PASS">
          <reporter-output>
          </reporter-output>
        </test-method> <!-- teardown -->
      </class> <!-- endtoend.learning.validatetitle -->
    </test> <!-- Default test -->
  </suite> <!-- Default suite -->
</testng-results>
